{"level":"info","message":"Server is listening on port : 4000","timestamp":"2021-08-06T12:26:23.192Z"}
{"level":"info","message":"Server is listening on port : 4000","timestamp":"2021-08-06T12:40:07.861Z"}
{"level":"info","message":"Server is listening on port : 4000","timestamp":"2021-08-06T12:50:01.496Z"}
{"level":"info","message":"Server is listening on port : 4000","timestamp":"2021-08-06T13:15:29.635Z"}
{"level":"info","message":"Server is listening on port : 4000","timestamp":"2021-08-06T13:15:45.873Z"}
{"level":"info","message":"Server is listening on port : 4000","timestamp":"2021-08-06T13:16:20.793Z"}
{"level":"info","message":"Server is listening on port : 4000","timestamp":"2021-08-06T13:17:27.345Z"}
{"level":"info","message":"Server is listening on port : 4000","timestamp":"2021-08-06T13:17:35.306Z"}
{"level":"info","message":"Server is listening on port : 4000","timestamp":"2021-08-06T13:18:04.863Z"}
{"level":"info","message":"Server is listening on port : 4000","timestamp":"2021-08-06T13:18:15.165Z"}
{"level":"info","message":"Server is listening on port : 4000","timestamp":"2021-08-06T13:21:33.037Z"}
{"level":"info","message":"Server is listening on port : 4000","timestamp":"2021-08-06T13:22:44.666Z"}
{"level":"info","message":"Server is listening on port : 4000","timestamp":"2021-08-06T13:23:10.262Z"}
{"level":"info","message":"Server is listening on port : 4000","timestamp":"2021-08-06T13:23:38.348Z"}
{"level":"info","message":"Server is listening on port : 4000","timestamp":"2021-08-06T13:23:48.368Z"}
{"level":"info","message":"Server is listening on port : 4000","timestamp":"2021-08-06T13:24:13.731Z"}
{"level":"info","message":"Server is listening on port : 4000","timestamp":"2021-08-06T13:26:00.670Z"}
{"level":"info","message":"Server is listening on port : 4000","timestamp":"2021-08-06T13:26:20.976Z"}
{"level":"info","message":"Server is listening on port : 4000","timestamp":"2021-08-06T13:26:33.664Z"}
{"level":"info","message":"Server is listening on port : 4000","timestamp":"2021-08-06T13:26:36.812Z"}
{"level":"info","message":"Server is listening on port : 4000","timestamp":"2021-08-06T13:26:55.673Z"}
{"level":"info","message":"Server is listening on port : 4000","timestamp":"2021-08-06T13:28:07.216Z"}
{"level":"info","message":"Server is listening on port : 4000","timestamp":"2021-08-06T13:28:14.816Z"}
{"level":"info","message":"Server is listening on port : 4000","timestamp":"2021-08-06T13:29:13.478Z"}
{"level":"info","message":"Server is listening on port : 4000","timestamp":"2021-08-06T13:34:29.953Z"}
{"level":"info","message":"Server is listening on port : 4000","timestamp":"2021-08-06T13:34:36.033Z"}
{"level":"info","message":"Server is listening on port : 4000","timestamp":"2021-08-06T13:34:55.068Z"}
{"level":"info","message":"Server is listening on port : 4000","timestamp":"2021-08-06T14:05:47.039Z"}
{"level":"info","message":"Server is listening on port : 4000","timestamp":"2021-08-06T14:05:50.092Z"}
{"level":"info","message":"Server is listening on port : 4000","timestamp":"2021-08-06T14:06:12.043Z"}
{"level":"info","message":"Server is listening on port : 4000","timestamp":"2021-08-06T14:06:38.138Z"}
{"level":"info","message":"Server is listening on port : 4000","timestamp":"2021-08-06T14:06:43.846Z"}
{"level":"info","message":"Server is listening on port : 4000","timestamp":"2021-08-06T14:06:56.954Z"}
{"level":"info","message":"Server is listening on port : 4000","timestamp":"2021-08-06T14:10:30.611Z"}
{"level":"info","message":"Server is listening on port : 4000","timestamp":"2021-08-06T14:14:48.221Z"}
{"level":"info","message":"Server is listening on port : 4000","timestamp":"2021-08-06T14:51:53.963Z"}
{"level":"info","message":"Server is listening on port : 4000","timestamp":"2021-08-06T14:52:42.668Z"}
{"level":"info","message":"Server is listening on port : 4000","timestamp":"2021-08-06T14:53:10.794Z"}
{"level":"info","message":"Server is listening on port : 4000","timestamp":"2021-08-06T14:53:36.292Z"}
{"level":"info","message":"Server is listening on port : 4000","timestamp":"2021-08-06T15:01:39.531Z"}
{"level":"info","message":"Server is listening on port : 4000","timestamp":"2021-08-06T15:03:00.175Z"}
{"level":"info","message":"Server is listening on port : 4000","timestamp":"2021-08-06T15:03:05.734Z"}
{"level":"info","message":"Server is listening on port : 4000","timestamp":"2021-08-06T15:03:19.365Z"}
{"level":"info","message":"Server is listening on port : 4000","timestamp":"2021-08-06T15:03:57.733Z"}
{"driver":true,"name":"MongoError","index":0,"code":11000,"keyPattern":{"email":1},"keyValue":{"email":"vashu@gmail.com"},"level":"error","message":"Error while registering the new user E11000 duplicate key error collection: fundoo-notes.users index: email_1 dup key: { email: \"vashu@gmail.com\" }","stack":"MongoError: E11000 duplicate key error collection: fundoo-notes.users index: email_1 dup key: { email: \"vashu@gmail.com\" }\n    at Function.create (E:\\Fundoo Note\\node_modules\\mongodb\\lib\\core\\error.js:57:12)\n    at toError (E:\\Fundoo Note\\node_modules\\mongodb\\lib\\utils.js:130:22)\n    at E:\\Fundoo Note\\node_modules\\mongodb\\lib\\operations\\common_functions.js:258:39\n    at handler (E:\\Fundoo Note\\node_modules\\mongodb\\lib\\core\\sdam\\topology.js:953:24)\n    at E:\\Fundoo Note\\node_modules\\mongodb\\lib\\cmap\\connection_pool.js:350:13\n    at handleOperationResult (E:\\Fundoo Note\\node_modules\\mongodb\\lib\\core\\sdam\\server.js:565:5)\n    at MessageStream.messageHandler (E:\\Fundoo Note\\node_modules\\mongodb\\lib\\cmap\\connection.js:281:5)\n    at MessageStream.emit (events.js:375:28)\n    at processIncomingData (E:\\Fundoo Note\\node_modules\\mongodb\\lib\\cmap\\message_stream.js:144:12)\n    at MessageStream._write (E:\\Fundoo Note\\node_modules\\mongodb\\lib\\cmap\\message_stream.js:42:5)\n    at writeOrBuffer (internal/streams/writable.js:358:12)\n    at MessageStream.Writable.write (internal/streams/writable.js:303:10)\n    at Socket.ondata (internal/streams/readable.js:726:22)\n    at Socket.emit (events.js:375:28)\n    at addChunk (internal/streams/readable.js:290:12)\n    at readableAddChunk (internal/streams/readable.js:265:9)","timestamp":"2021-08-06T15:05:01.970Z"}
{"$__":{"strictMode":true,"inserting":true,"getters":{},"_id":"610d4fafa3fe912d38a619ce","wasPopulated":false,"activePaths":{"paths":{"confirmPassword":"require","password":"require","email":"require","lastName":"require","firstName":"require"},"states":{"ignore":{},"default":{},"init":{},"modify":{},"require":{"confirmPassword":true,"password":true,"email":true,"lastName":true,"firstName":true}},"stateNames":["require","modify","init","default","ignore"]},"pathsToScopes":{},"cachedRequired":{},"session":null,"$setCalled":{},"emitter":{"_events":{},"_eventsCount":0,"_maxListeners":0},"$options":{"defaults":true},"validating":null,"backup":{"activePaths":{"modify":{"firstName":true,"lastName":true,"email":true,"createdAt":true,"updatedAt":true,"password":true,"confirmPassword":true},"default":{"_id":true}}},"savedState":{}},"isNew":false,"$locals":{},"$op":null,"_doc":{"_id":"610d4fafa3fe912d38a619ce","firstName":"vashu","lastName":"butla","email":"vashu1234@gmail.com","password":"$2a$08$NW/dc.iLj5grF7N7LRky5upI3CL1CngXW1tm8EbVi7oJnHddBgvUS","confirmPassword":"$2a$08$1WQ460o/ZTGUI9vvVAgwMOzfz4xbFKPGk5pbdFgldoKeFsaJrAE12","createdAt":"2021-08-06T15:05:19.837Z","updatedAt":"2021-08-06T15:05:19.837Z","__v":0},"level":"info","message":"User registered successfully!","timestamp":"2021-08-06T15:05:20.120Z"}
{"level":"info","message":"Server is listening on port : 4000","timestamp":"2021-08-06T15:07:23.527Z"}
{"level":"info","message":"Server is listening on port : 4000","timestamp":"2021-08-06T15:07:41.456Z"}
{"level":"info","message":"Server is listening on port : 4000","timestamp":"2021-08-06T15:08:54.205Z"}
{"level":"info","message":"Server is listening on port : 4000","timestamp":"2021-08-06T15:11:02.418Z"}
{"level":"info","message":"Server is listening on port : 4000","timestamp":"2021-08-06T15:11:23.324Z"}
{"level":"info","message":"Server is listening on port : 4000","timestamp":"2021-08-06T15:17:06.905Z"}
{"level":"info","message":"Server is listening on port : 4000","timestamp":"2021-08-06T15:19:22.516Z"}
{"level":"info","message":"Server is listening on port : 4000","timestamp":"2021-08-06T15:19:31.744Z"}
{"level":"info","message":"Server is listening on port : 4000","timestamp":"2021-08-06T15:19:36.423Z"}
{"$__":{"strictMode":true,"selected":{},"getters":{},"_id":"610d4fafa3fe912d38a619ce","wasPopulated":false,"activePaths":{"paths":{"confirmPassword":"init","password":"init","email":"init","lastName":"init","firstName":"init","_id":"init","createdAt":"init","updatedAt":"init","__v":"init"},"states":{"ignore":{},"default":{},"init":{"_id":true,"firstName":true,"lastName":true,"email":true,"password":true,"confirmPassword":true,"createdAt":true,"updatedAt":true,"__v":true},"modify":{},"require":{}},"stateNames":["require","modify","init","default","ignore"]},"pathsToScopes":{},"cachedRequired":{},"session":null,"$setCalled":{},"emitter":{"_events":{},"_eventsCount":0,"_maxListeners":0},"$options":{"skipId":true,"isNew":false,"willInit":true,"defaults":true}},"isNew":false,"$locals":{},"$op":null,"_doc":{"_id":"610d4fafa3fe912d38a619ce","firstName":"vashu","lastName":"butla","email":"vashu1234@gmail.com","password":"$2a$08$NW/dc.iLj5grF7N7LRky5upI3CL1CngXW1tm8EbVi7oJnHddBgvUS","confirmPassword":"$2a$08$1WQ460o/ZTGUI9vvVAgwMOzfz4xbFKPGk5pbdFgldoKeFsaJrAE12","createdAt":"2021-08-06T15:05:19.837Z","updatedAt":"2021-08-06T15:05:19.837Z","__v":0},"$init":true,"level":"info","message":"Details login","timestamp":"2021-08-06T15:19:38.118Z"}
{"level":"info","message":"Server is listening on port : 4000","timestamp":"2021-08-06T15:20:03.150Z"}
{"level":"info","message":"Server is listening on port : 4000","timestamp":"2021-08-06T15:34:53.341Z"}
{"level":"info","message":"Server is listening on port : 4000","timestamp":"2021-08-06T15:34:59.671Z"}
{"level":"info","message":"Server is listening on port : 4000","timestamp":"2021-08-06T15:35:06.308Z"}
{"level":"info","message":"Server is listening on port : 4000","timestamp":"2021-08-06T15:35:28.653Z"}
{"level":"info","message":"Server is listening on port : 4000","timestamp":"2021-08-06T15:35:37.026Z"}
{"level":"info","message":"Server is listening on port : 4000","timestamp":"2021-08-06T15:45:53.760Z"}
{"level":"info","message":"Server is listening on port : 4000","timestamp":"2021-08-06T16:07:13.347Z"}
{"level":"info","message":"Server is listening on port : 4000","timestamp":"2021-08-06T16:07:20.948Z"}
{"level":"info","message":"Server is listening on port : 4000","timestamp":"2021-08-06T16:07:27.688Z"}
{"level":"info","message":"Server is listening on port : 4000","timestamp":"2021-08-06T16:08:16.025Z"}
{"level":"info","message":"Email is matched","timestamp":"2021-08-06T16:08:22.102Z"}
{"level":"info","message":"Server is listening on port : 4000","timestamp":"2021-08-06T16:08:50.029Z"}
{"level":"info","message":"Email is matched","timestamp":"2021-08-06T16:08:50.414Z"}
{"level":"info","message":"Server is listening on port : 4000","timestamp":"2021-08-06T16:11:18.110Z"}
{"level":"info","message":"Email is matched","timestamp":"2021-08-06T16:11:18.472Z"}
{"level":"error","message":"Error while registering the new user","timestamp":"2021-08-06T16:11:18.475Z"}
{"level":"error","message":"Error while authenticating the user","timestamp":"2021-08-06T16:11:18.476Z"}
{"level":"info","message":"Details login","timestamp":"2021-08-06T16:11:18.498Z"}
{"level":"info","message":"Server is listening on port : 4000","timestamp":"2021-08-06T16:47:05.893Z"}
{"level":"info","message":"Email is matched","timestamp":"2021-08-06T16:47:06.270Z"}
{"level":"error","message":"Error while registering the new user","timestamp":"2021-08-06T16:47:06.271Z"}
{"level":"error","message":"Error while authenticating the user","timestamp":"2021-08-06T16:47:06.272Z"}
{"level":"info","message":"Details login","timestamp":"2021-08-06T16:47:06.288Z"}
{"level":"info","message":"Server is listening on port : 4000","timestamp":"2021-08-06T16:50:32.679Z"}
{"level":"info","message":"Email is matched","timestamp":"2021-08-06T16:50:33.000Z"}
{"level":"error","message":"Error while registering the new user","timestamp":"2021-08-06T16:50:33.001Z"}
{"level":"error","message":"Error while authenticating the user","timestamp":"2021-08-06T16:50:33.002Z"}
{"level":"info","message":"Server is listening on port : 4000","timestamp":"2021-08-06T16:56:38.187Z"}
{"$__":{"strictMode":true,"selected":{},"getters":{},"_id":"610d4fafa3fe912d38a619ce","wasPopulated":false,"activePaths":{"paths":{"confirmPassword":"init","password":"init","email":"init","lastName":"init","firstName":"init","_id":"init","createdAt":"init","updatedAt":"init","__v":"init"},"states":{"ignore":{},"default":{},"init":{"_id":true,"firstName":true,"lastName":true,"email":true,"password":true,"confirmPassword":true,"createdAt":true,"updatedAt":true,"__v":true},"modify":{},"require":{}},"stateNames":["require","modify","init","default","ignore"]},"pathsToScopes":{},"cachedRequired":{},"session":null,"$setCalled":{},"emitter":{"_events":{},"_eventsCount":0,"_maxListeners":0},"$options":{"skipId":true,"isNew":false,"willInit":true,"defaults":true}},"isNew":false,"$locals":{},"$op":null,"_doc":{"_id":"610d4fafa3fe912d38a619ce","firstName":"vashu","lastName":"butla","email":"vashu1234@gmail.com","password":"$2a$08$NW/dc.iLj5grF7N7LRky5upI3CL1CngXW1tm8EbVi7oJnHddBgvUS","confirmPassword":"$2a$08$1WQ460o/ZTGUI9vvVAgwMOzfz4xbFKPGk5pbdFgldoKeFsaJrAE12","createdAt":"2021-08-06T15:05:19.837Z","updatedAt":"2021-08-06T15:05:19.837Z","__v":0},"$init":true,"level":"info","message":"Details login","timestamp":"2021-08-06T16:56:47.922Z"}
{"level":"info","message":"Server is listening on port : 4000","timestamp":"2021-08-06T17:41:35.817Z"}
{"level":"info","message":"Server is listening on port : 4000","timestamp":"2021-08-06T17:41:38.911Z"}
{"level":"info","message":"Server is listening on port : 4000","timestamp":"2021-08-06T17:41:41.609Z"}
{"level":"info","message":"Server is listening on port : 4000","timestamp":"2021-08-06T17:41:47.779Z"}
{"level":"info","message":"Server is listening on port : 4000","timestamp":"2021-08-06T17:41:54.804Z"}
{"level":"info","message":"Server is listening on port : 4000","timestamp":"2021-08-06T17:43:11.167Z"}
{"level":"info","message":"Server is listening on port : 4000","timestamp":"2021-08-06T17:43:52.257Z"}
{"level":"info","message":"Server is listening on port : 4000","timestamp":"2021-08-06T17:43:58.499Z"}
{"level":"info","message":"Server is listening on port : 4000","timestamp":"2021-08-06T17:44:05.821Z"}
{"level":"info","message":"Server is listening on port : 4000","timestamp":"2021-08-06T17:44:20.732Z"}
{"level":"info","message":"Server is listening on port : 4000","timestamp":"2021-08-06T17:44:27.267Z"}
{"level":"info","message":"Server is listening on port : 4000","timestamp":"2021-08-06T17:44:40.483Z"}
{"level":"info","message":"Server is listening on port : 4000","timestamp":"2021-08-06T17:44:54.372Z"}
{"level":"info","message":"Server is listening on port : 4000","timestamp":"2021-08-06T17:45:06.477Z"}
{"level":"info","message":"Server is listening on port : 4000","timestamp":"2021-08-06T17:45:19.407Z"}
{"level":"info","message":"Server is listening on port : 4000","timestamp":"2021-08-06T17:45:54.022Z"}
{"level":"info","message":"Server is listening on port : 4000","timestamp":"2021-08-06T17:46:07.898Z"}
{"level":"info","message":"Server is listening on port : 4000","timestamp":"2021-08-06T17:46:27.702Z"}
{"level":"info","message":"Server is listening on port : 4000","timestamp":"2021-08-06T17:46:44.475Z"}
{"level":"info","message":"Server is listening on port : 4000","timestamp":"2021-08-06T17:47:09.189Z"}
{"level":"info","message":"Server is listening on port : 4000","timestamp":"2021-08-06T17:47:27.970Z"}
{"level":"info","message":"Server is listening on port : 4000","timestamp":"2021-08-06T17:47:40.914Z"}
{"level":"info","message":"Server is listening on port : 4000","timestamp":"2021-08-06T17:47:45.055Z"}
{"level":"info","message":"Server is listening on port : 4000","timestamp":"2021-08-06T17:47:57.697Z"}
{"level":"info","message":"Server is listening on port : 4000","timestamp":"2021-08-06T17:48:19.412Z"}
{"$__":{"strictMode":true,"selected":{},"getters":{},"_id":"610d4fafa3fe912d38a619ce","wasPopulated":false,"activePaths":{"paths":{"confirmPassword":"init","password":"init","email":"init","lastName":"init","firstName":"init","_id":"init","createdAt":"init","updatedAt":"init","__v":"init"},"states":{"ignore":{},"default":{},"init":{"_id":true,"firstName":true,"lastName":true,"email":true,"password":true,"confirmPassword":true,"createdAt":true,"updatedAt":true,"__v":true},"modify":{},"require":{}},"stateNames":["require","modify","init","default","ignore"]},"pathsToScopes":{},"cachedRequired":{},"session":null,"$setCalled":{},"emitter":{"_events":{},"_eventsCount":0,"_maxListeners":0},"$options":{"skipId":true,"isNew":false,"willInit":true,"defaults":true}},"isNew":false,"$locals":{},"$op":null,"_doc":{"_id":"610d4fafa3fe912d38a619ce","firstName":"vashu","lastName":"butla","email":"vashu1234@gmail.com","password":"$2a$08$NW/dc.iLj5grF7N7LRky5upI3CL1CngXW1tm8EbVi7oJnHddBgvUS","confirmPassword":"$2a$08$1WQ460o/ZTGUI9vvVAgwMOzfz4xbFKPGk5pbdFgldoKeFsaJrAE12","createdAt":"2021-08-06T15:05:19.837Z","updatedAt":"2021-08-06T15:05:19.837Z","__v":0},"$init":true,"level":"info","message":"Details login","timestamp":"2021-08-06T17:48:30.092Z"}
{"level":"info","message":"Server is listening on port : 4000","timestamp":"2021-08-06T17:49:17.380Z"}
{"level":"info","message":"Server is listening on port : 4000","timestamp":"2021-08-06T17:49:32.969Z"}
{"level":"info","message":"Server is listening on port : 4000","timestamp":"2021-08-06T17:49:38.898Z"}
{"level":"info","message":"Server is listening on port : 4000","timestamp":"2021-08-06T17:49:44.918Z"}
{"level":"info","message":"Server is listening on port : 4000","timestamp":"2021-08-06T17:50:08.665Z"}
{"level":"info","message":"Server is listening on port : 4000","timestamp":"2021-08-06T17:50:20.169Z"}
{"level":"info","message":"Server is listening on port : 4000","timestamp":"2021-08-06T17:50:41.593Z"}
{"level":"error","message":"authenticating the user","timestamp":"2021-08-06T17:50:42.219Z"}
{"level":"error","message":"Error while authenticating the user","timestamp":"2021-08-06T17:51:41.140Z"}
{"level":"info","message":"Server is listening on port : 4000","timestamp":"2021-08-06T17:52:10.109Z"}
{"level":"error","message":"Error while authenticating the user","timestamp":"2021-08-06T17:52:10.493Z"}
{"level":"info","message":"Server is listening on port : 4000","timestamp":"2021-08-06T17:53:15.481Z"}
{"level":"error","message":"Error while authenticating the user","timestamp":"2021-08-06T17:53:15.749Z"}
{"level":"info","message":"Server is listening on port : 4000","timestamp":"2021-08-06T17:54:16.237Z"}
{"level":"error","message":"Error while authenticating the user","timestamp":"2021-08-06T17:54:16.652Z"}
{"level":"info","message":"Server is listening on port : 4000","timestamp":"2021-08-06T17:55:35.855Z"}
{"level":"error","message":"Error while authenticating the user","timestamp":"2021-08-06T17:55:36.233Z"}
{"level":"info","message":"Server is listening on port : 4000","timestamp":"2021-08-06T17:59:16.939Z"}
{"level":"error","message":"Error while authenticating the user","timestamp":"2021-08-06T17:59:17.478Z"}
{"level":"info","message":"Server is listening on port : 4000","timestamp":"2021-08-06T18:55:40.666Z"}
{"level":"error","message":"authenticating the user","timestamp":"2021-08-06T18:55:41.749Z"}
{"level":"error","message":"authenticating the user","timestamp":"2021-08-06T18:55:42.025Z"}
{"level":"error","message":"Error while authenticating the user","timestamp":"2021-08-06T18:55:42.117Z"}
{"driver":true,"name":"MongoError","index":0,"code":11000,"keyPattern":{"email":1},"keyValue":{"email":"pjaditkar4@gmail.com"},"level":"error","message":"Error while registering the new user E11000 duplicate key error collection: fundoo-notes.users index: email_1 dup key: { email: \"pjaditkar4@gmail.com\" }","stack":"MongoError: E11000 duplicate key error collection: fundoo-notes.users index: email_1 dup key: { email: \"pjaditkar4@gmail.com\" }\n    at Function.create (E:\\Fundoo Note\\node_modules\\mongodb\\lib\\core\\error.js:57:12)\n    at toError (E:\\Fundoo Note\\node_modules\\mongodb\\lib\\utils.js:130:22)\n    at E:\\Fundoo Note\\node_modules\\mongodb\\lib\\operations\\common_functions.js:258:39\n    at handler (E:\\Fundoo Note\\node_modules\\mongodb\\lib\\core\\sdam\\topology.js:953:24)\n    at E:\\Fundoo Note\\node_modules\\mongodb\\lib\\cmap\\connection_pool.js:350:13\n    at handleOperationResult (E:\\Fundoo Note\\node_modules\\mongodb\\lib\\core\\sdam\\server.js:565:5)\n    at MessageStream.messageHandler (E:\\Fundoo Note\\node_modules\\mongodb\\lib\\cmap\\connection.js:281:5)\n    at MessageStream.emit (events.js:375:28)\n    at processIncomingData (E:\\Fundoo Note\\node_modules\\mongodb\\lib\\cmap\\message_stream.js:144:12)\n    at MessageStream._write (E:\\Fundoo Note\\node_modules\\mongodb\\lib\\cmap\\message_stream.js:42:5)\n    at writeOrBuffer (internal/streams/writable.js:358:12)\n    at MessageStream.Writable.write (internal/streams/writable.js:303:10)\n    at Socket.ondata (internal/streams/readable.js:726:22)\n    at Socket.emit (events.js:375:28)\n    at addChunk (internal/streams/readable.js:290:12)\n    at readableAddChunk (internal/streams/readable.js:265:9)\n    at Socket.Readable.push (internal/streams/readable.js:204:10)\n    at TCP.onStreamRead (internal/stream_base_commons.js:188:23)","timestamp":"2021-08-06T18:55:42.431Z"}
{"errors":{"firstName":{"name":"ValidatorError","message":"Path `firstName` is required.","properties":{"message":"Path `firstName` is required.","type":"required","path":"firstName"},"kind":"required","path":"firstName"}},"_message":"user validation failed","level":"error","message":"Error while registering the new user user validation failed: firstName: Path `firstName` is required.","stack":"ValidationError: user validation failed: firstName: Path `firstName` is required.\n    at model.Document.invalidate (E:\\Fundoo Note\\node_modules\\mongoose\\lib\\document.js:2760:32)\n    at E:\\Fundoo Note\\node_modules\\mongoose\\lib\\document.js:2552:17\n    at E:\\Fundoo Note\\node_modules\\mongoose\\lib\\schematype.js:1273:9\n    at processTicksAndRejections (internal/process/task_queues.js:77:11)","timestamp":"2021-08-06T18:55:42.487Z"}
{"errors":{"firstName":{"name":"ValidatorError","message":"Path `firstName` is required.","properties":{"message":"Path `firstName` is required.","type":"required","path":"firstName"},"kind":"required","path":"firstName"},"lastName":{"name":"ValidatorError","message":"Path `lastName` is required.","properties":{"message":"Path `lastName` is required.","type":"required","path":"lastName"},"kind":"required","path":"lastName"},"email":{"name":"ValidatorError","message":"Path `email` is required.","properties":{"message":"Path `email` is required.","type":"required","path":"email"},"kind":"required","path":"email"},"password":{"name":"ValidatorError","message":"Path `password` is required.","properties":{"message":"Path `password` is required.","type":"required","path":"password"},"kind":"required","path":"password"},"confirmPassword":{"name":"ValidatorError","message":"Path `confirmPassword` is required.","properties":{"message":"Path `confirmPassword` is required.","type":"required","path":"confirmPassword"},"kind":"required","path":"confirmPassword"}},"_message":"user validation failed","level":"error","message":"Error while registering the new user user validation failed: firstName: Path `firstName` is required., lastName: Path `lastName` is required., email: Path `email` is required., password: Path `password` is required., confirmPassword: Path `confirmPassword` is required.","stack":"ValidationError: user validation failed: firstName: Path `firstName` is required., lastName: Path `lastName` is required., email: Path `email` is required., password: Path `password` is required., confirmPassword: Path `confirmPassword` is required.\n    at model.Document.invalidate (E:\\Fundoo Note\\node_modules\\mongoose\\lib\\document.js:2760:32)\n    at E:\\Fundoo Note\\node_modules\\mongoose\\lib\\document.js:2552:17\n    at E:\\Fundoo Note\\node_modules\\mongoose\\lib\\schematype.js:1273:9\n    at processTicksAndRejections (internal/process/task_queues.js:77:11)","timestamp":"2021-08-06T18:55:42.558Z"}
{"level":"info","message":"Server is listening on port : 4000","timestamp":"2021-08-06T18:58:45.036Z"}
{"level":"error","message":"authenticating the user","timestamp":"2021-08-06T18:58:45.866Z"}
{"level":"error","message":"authenticating the user","timestamp":"2021-08-06T18:58:46.140Z"}
{"level":"error","message":"Error while authenticating the user","timestamp":"2021-08-06T18:58:46.250Z"}
{"driver":true,"name":"MongoError","index":0,"code":11000,"keyPattern":{"email":1},"keyValue":{"email":"pjaditkar4@gmail.com"},"level":"error","message":"Error while registering the new user E11000 duplicate key error collection: fundoo-notes.users index: email_1 dup key: { email: \"pjaditkar4@gmail.com\" }","stack":"MongoError: E11000 duplicate key error collection: fundoo-notes.users index: email_1 dup key: { email: \"pjaditkar4@gmail.com\" }\n    at Function.create (E:\\Fundoo Note\\node_modules\\mongodb\\lib\\core\\error.js:57:12)\n    at toError (E:\\Fundoo Note\\node_modules\\mongodb\\lib\\utils.js:130:22)\n    at E:\\Fundoo Note\\node_modules\\mongodb\\lib\\operations\\common_functions.js:258:39\n    at handler (E:\\Fundoo Note\\node_modules\\mongodb\\lib\\core\\sdam\\topology.js:953:24)\n    at E:\\Fundoo Note\\node_modules\\mongodb\\lib\\cmap\\connection_pool.js:350:13\n    at handleOperationResult (E:\\Fundoo Note\\node_modules\\mongodb\\lib\\core\\sdam\\server.js:565:5)\n    at MessageStream.messageHandler (E:\\Fundoo Note\\node_modules\\mongodb\\lib\\cmap\\connection.js:281:5)\n    at MessageStream.emit (events.js:375:28)\n    at processIncomingData (E:\\Fundoo Note\\node_modules\\mongodb\\lib\\cmap\\message_stream.js:144:12)\n    at MessageStream._write (E:\\Fundoo Note\\node_modules\\mongodb\\lib\\cmap\\message_stream.js:42:5)\n    at writeOrBuffer (internal/streams/writable.js:358:12)\n    at MessageStream.Writable.write (internal/streams/writable.js:303:10)\n    at Socket.ondata (internal/streams/readable.js:726:22)\n    at Socket.emit (events.js:375:28)\n    at addChunk (internal/streams/readable.js:290:12)\n    at readableAddChunk (internal/streams/readable.js:265:9)\n    at Socket.Readable.push (internal/streams/readable.js:204:10)\n    at TCP.onStreamRead (internal/stream_base_commons.js:188:23)","timestamp":"2021-08-06T18:58:46.718Z"}
{"errors":{"firstName":{"name":"ValidatorError","message":"Path `firstName` is required.","properties":{"message":"Path `firstName` is required.","type":"required","path":"firstName"},"kind":"required","path":"firstName"}},"_message":"user validation failed","level":"error","message":"Error while registering the new user user validation failed: firstName: Path `firstName` is required.","stack":"ValidationError: user validation failed: firstName: Path `firstName` is required.\n    at model.Document.invalidate (E:\\Fundoo Note\\node_modules\\mongoose\\lib\\document.js:2760:32)\n    at E:\\Fundoo Note\\node_modules\\mongoose\\lib\\document.js:2552:17\n    at E:\\Fundoo Note\\node_modules\\mongoose\\lib\\schematype.js:1273:9\n    at processTicksAndRejections (internal/process/task_queues.js:77:11)","timestamp":"2021-08-06T18:58:46.785Z"}
{"errors":{"firstName":{"name":"ValidatorError","message":"Path `firstName` is required.","properties":{"message":"Path `firstName` is required.","type":"required","path":"firstName"},"kind":"required","path":"firstName"},"lastName":{"name":"ValidatorError","message":"Path `lastName` is required.","properties":{"message":"Path `lastName` is required.","type":"required","path":"lastName"},"kind":"required","path":"lastName"},"email":{"name":"ValidatorError","message":"Path `email` is required.","properties":{"message":"Path `email` is required.","type":"required","path":"email"},"kind":"required","path":"email"},"password":{"name":"ValidatorError","message":"Path `password` is required.","properties":{"message":"Path `password` is required.","type":"required","path":"password"},"kind":"required","path":"password"},"confirmPassword":{"name":"ValidatorError","message":"Path `confirmPassword` is required.","properties":{"message":"Path `confirmPassword` is required.","type":"required","path":"confirmPassword"},"kind":"required","path":"confirmPassword"}},"_message":"user validation failed","level":"error","message":"Error while registering the new user user validation failed: firstName: Path `firstName` is required., lastName: Path `lastName` is required., email: Path `email` is required., password: Path `password` is required., confirmPassword: Path `confirmPassword` is required.","stack":"ValidationError: user validation failed: firstName: Path `firstName` is required., lastName: Path `lastName` is required., email: Path `email` is required., password: Path `password` is required., confirmPassword: Path `confirmPassword` is required.\n    at model.Document.invalidate (E:\\Fundoo Note\\node_modules\\mongoose\\lib\\document.js:2760:32)\n    at E:\\Fundoo Note\\node_modules\\mongoose\\lib\\document.js:2552:17\n    at E:\\Fundoo Note\\node_modules\\mongoose\\lib\\schematype.js:1273:9\n    at processTicksAndRejections (internal/process/task_queues.js:77:11)","timestamp":"2021-08-06T18:58:46.896Z"}
